2024-09-30 07:18:11.046 | DEBUG    | bazon.events.contractors:on_create_contractor:24 - contractor_data: {'internal_id': 775, 'email': '', 'phone': '+7 (968) 137-11-40', 'name': 'Орлов Сергей Геннадьевич', 'type': 'person', 'balance_free': 0, 'balance_reserve': 0, 'manager_comment': '', 'balance': 0}
2024-09-30 07:18:11.049 | DEBUG    | bazon.events.contractors:on_create_contractor:44 - Перед созданием контакта, данные: Орлов Сергей Геннадьевич , [{'field_id': 649383, 'values': [{'value': '+7 (968) 137-11-40'}]}]
2024-09-30 07:18:11.822 | DEBUG    | bazon.events.contractors:on_create_contractor:48 - Создан контакт {'id': 23787175, 'is_deleted': False, 'is_unsorted': False, 'request_id': '0', '_links': {'self': {'href': 'https://tematechnics.amocrm.ru/api/v4/contacts/23787175'}}}
2024-09-30 07:18:12.580 | DEBUG    | bazon.events.sale_documents:on_create_sale_document:65 - Контакт 23787175 прилинкован к сделке 19075739
2024-09-30 07:18:13.858 | DEBUG    | bazon.events.contractors:on_create_contractor:24 - contractor_data: {'internal_id': 775, 'email': '', 'phone': '+7 (968) 137-11-40', 'name': 'Орлов Сергей Геннадьевич', 'type': 'person', 'balance_free': 0, 'balance_reserve': 0, 'manager_comment': '', 'balance': 0}
2024-09-30 07:18:13.860 | DEBUG    | bazon.events.contractors:on_create_contractor:44 - Перед созданием контакта, данные: Орлов Сергей Геннадьевич , []
2024-09-30 07:18:14.480 | DEBUG    | bazon.events.contractors:on_create_contractor:48 - Создан контакт {'id': 23787183, 'is_deleted': False, 'is_unsorted': False, 'request_id': '0', '_links': {'self': {'href': 'https://kontrabaz.amocrm.ru/api/v4/contacts/23787183'}}}
2024-09-30 07:18:15.258 | DEBUG    | bazon.events.sale_documents:on_create_sale_document:65 - Контакт 23787183 прилинкован к сделке 19075747
2024-09-30 10:01:41.207 | DEBUG    | bazon.events.contractors:on_create_contractor:24 - contractor_data: {'internal_id': 776, 'email': '', 'phone': '+7 (923) 360-35-18', 'name': 'Лавренко Роман Сергеевич', 'type': 'person', 'balance_free': 0, 'balance_reserve': 0, 'manager_comment': '', 'balance': 0}
2024-09-30 10:01:41.223 | DEBUG    | bazon.events.contractors:on_create_contractor:44 - Перед созданием контакта, данные: Лавренко Роман Сергеевич , [{'field_id': 649383, 'values': [{'value': '+7 (923) 360-35-18'}]}]
2024-09-30 10:01:42.278 | DEBUG    | bazon.events.contractors:on_create_contractor:48 - Создан контакт {'id': 23792153, 'is_deleted': False, 'is_unsorted': False, 'request_id': '0', '_links': {'self': {'href': 'https://tematechnics.amocrm.ru/api/v4/contacts/23792153'}}}
2024-09-30 10:01:43.156 | DEBUG    | bazon.events.sale_documents:on_create_sale_document:65 - Контакт 23792153 прилинкован к сделке 19081141
2024-09-30 10:01:45.090 | DEBUG    | bazon.events.contractors:on_create_contractor:24 - contractor_data: {'internal_id': 776, 'email': '', 'phone': '+7 (923) 360-35-18', 'name': 'Лавренко Роман Сергеевич', 'type': 'person', 'balance_free': 0, 'balance_reserve': 0, 'manager_comment': '', 'balance': 0}
2024-09-30 10:01:45.092 | DEBUG    | bazon.events.contractors:on_create_contractor:44 - Перед созданием контакта, данные: Лавренко Роман Сергеевич , []
2024-09-30 10:01:46.024 | DEBUG    | bazon.events.contractors:on_create_contractor:48 - Создан контакт {'id': 23792155, 'is_deleted': False, 'is_unsorted': False, 'request_id': '0', '_links': {'self': {'href': 'https://kontrabaz.amocrm.ru/api/v4/contacts/23792155'}}}
2024-09-30 10:01:46.825 | DEBUG    | bazon.events.sale_documents:on_create_sale_document:65 - Контакт 23792155 прилинкован к сделке 19081147
2024-09-30 10:32:57.283 | DEBUG    | bazon.events.contractors:on_create_contractor:24 - contractor_data: {'internal_id': 777, 'email': '', 'phone': '+7 (923) 344-39-44', 'name': 'Мамаев Олег Александрович', 'type': 'person', 'balance_free': 0, 'balance_reserve': 0, 'manager_comment': '', 'balance': 0}
2024-09-30 10:32:57.286 | DEBUG    | bazon.events.contractors:on_create_contractor:44 - Перед созданием контакта, данные: Мамаев Олег Александрович , [{'field_id': 649383, 'values': [{'value': '+7 (923) 344-39-44'}]}]
2024-09-30 10:32:58.184 | DEBUG    | bazon.events.contractors:on_create_contractor:48 - Создан контакт {'id': 23793121, 'is_deleted': False, 'is_unsorted': False, 'request_id': '0', '_links': {'self': {'href': 'https://tematechnics.amocrm.ru/api/v4/contacts/23793121'}}}
2024-09-30 10:32:59.015 | DEBUG    | bazon.events.sale_documents:on_create_sale_document:65 - Контакт 23793121 прилинкован к сделке 19082419
2024-09-30 10:33:00.944 | DEBUG    | bazon.events.contractors:on_create_contractor:24 - contractor_data: {'internal_id': 777, 'email': '', 'phone': '+7 (923) 344-39-44', 'name': 'Мамаев Олег Александрович', 'type': 'person', 'balance_free': 0, 'balance_reserve': 0, 'manager_comment': '', 'balance': 0}
2024-09-30 10:33:00.946 | DEBUG    | bazon.events.contractors:on_create_contractor:44 - Перед созданием контакта, данные: Мамаев Олег Александрович , []
2024-09-30 10:33:02.158 | DEBUG    | bazon.events.contractors:on_create_contractor:48 - Создан контакт {'id': 23793127, 'is_deleted': False, 'is_unsorted': False, 'request_id': '0', '_links': {'self': {'href': 'https://kontrabaz.amocrm.ru/api/v4/contacts/23793127'}}}
2024-09-30 10:33:03.094 | DEBUG    | bazon.events.sale_documents:on_create_sale_document:65 - Контакт 23793127 прилинкован к сделке 19082423
